<?xml version="1.0" encoding="UTF-8"?>
<!-- Generated by org.testng.reporters.JUnitReportReporter -->
<testsuite hostname="IBM-PF2P2C5G" failures="0" tests="6" name="demo.GraphqlQueryCalls" time="9.086" errors="0" timestamp="2025-09-26T13:04:37 IST" skipped="0">
  <testcase classname="demo.GraphqlQueryCalls" name="testXLData" time="0.358"/>
  <system-out/>
  <testcase classname="demo.GraphqlQueryCalls" name="testXLData" time="0.383"/>
  <system-out/>
  <testcase classname="demo.GraphqlQueryCalls" name="testXLData" time="0.579"/>
  <system-out/>
  <testcase classname="demo.GraphqlQueryCalls" name="testXLData" time="1.873"/>
  <system-out/>
  <testcase classname="demo.GraphqlQueryCalls" name="testWithVariables" time="5.358"/>
  <system-out/>
  <testcase classname="demo.GraphqlQueryCalls" name="testWithVariables" time="0.535"/>
  <system-out/>
</testsuite> <!-- demo.GraphqlQueryCalls -->
