<?xml version="1.0" encoding="UTF-8"?>
<!-- Generated by org.testng.reporters.JUnitReportReporter -->
<testsuite hostname="IBM-PF2P2C5G" failures="0" tests="1" name="demo.PojoCalls" time="1.428" errors="0" timestamp="2025-09-26T13:04:37 IST" skipped="0">
  <testcase classname="demo.PojoCalls" name="testPojoForCountry" time="1.428"/>
  <system-out/>
</testsuite> <!-- demo.PojoCalls -->
