<?xml version="1.0" encoding="UTF-8"?>
<!-- Generated by org.testng.reporters.JUnitReportReporter -->
<testsuite hostname="IBM-PF2P2C5G" failures="0" tests="3" name="demo.SampleTesting" time="3.158" errors="0" timestamp="2025-09-26T13:04:37 IST" skipped="0">
  <testcase classname="demo.SampleTesting" name="test1" time="0.877"/>
  <system-out/>
  <testcase classname="demo.SampleTesting" name="testGet" time="0.414"/>
  <system-out/>
  <testcase classname="demo.SampleTesting" name="testPost" time="1.867"/>
  <system-out/>
</testsuite> <!-- demo.SampleTesting -->
