<?xml version="1.0" encoding="UTF-8"?>
<!-- Generated by org.testng.reporters.JUnitReportReporter -->
<testsuite hostname="IBM-PF2P2C5G" failures="0" tests="1" name="demo.SampleTesting" time="5.401" errors="0" timestamp="2025-09-25T09:40:55 IST" skipped="0">
  <testcase classname="demo.SampleTesting" name="testPost" time="5.401"/>
</testsuite> <!-- demo.SampleTesting -->
