<?xml version="1.0" encoding="UTF-8"?>
<!-- Generated by org.testng.reporters.JUnitReportReporter -->
<testsuite hostname="IBM-PF2P2C5G" failures="0" tests="2" name="demo.GraphqlQueryCalls" time="3.399" errors="0" timestamp="2025-09-25T17:14:41 IST" skipped="0">
  <testcase classname="demo.GraphqlQueryCalls" name="testWithVariables" time="0.171"/>
  <testcase classname="demo.GraphqlQueryCalls" name="testWithVariables" time="3.228"/>
</testsuite> <!-- demo.GraphqlQueryCalls -->
